This is XeTeX, Version 3.14159265-2.6-0.99998 (TeX Live 2017/W32TeX) (preloaded format=xelatex 2018.8.16)  14 MAY 2019 10:37
entering extended mode
 restricted \write18 enabled.
 %&-line parsing enabled.
**./HW3_95101117.tex
(./HW3_95101117.tex
LaTeX2e <2017-04-15>
Babel <3.10> and hyphenation patterns for 84 language(s) loaded.
(d:/InstalledSoftware/texlive2017/texmf-dist/tex/latex/base/article.cls
Document Class: article 2014/09/29 v1.4h Standard LaTeX document class
(d:/InstalledSoftware/texlive2017/texmf-dist/tex/latex/base/size10.clo
File: size10.clo 2014/09/29 v1.4h Standard LaTeX file (size option)
)
\c@part=\count79
\c@section=\count80
\c@subsection=\count81
\c@subsubsection=\count82
\c@paragraph=\count83
\c@subparagraph=\count84
\c@figure=\count85
\c@table=\count86
\abovecaptionskip=\skip41
\belowcaptionskip=\skip42
\bibindent=\dimen102
)
(d:/InstalledSoftware/texlive2017/texmf-dist/tex/latex/graphics/graphicx.sty
Package: graphicx 2014/10/28 v1.0g Enhanced LaTeX Graphics (DPC,SPQR)

(d:/InstalledSoftware/texlive2017/texmf-dist/tex/latex/graphics/keyval.sty
Package: keyval 2014/10/28 v1.15 key=value parser (DPC)
\KV@toks@=\toks14
)
(d:/InstalledSoftware/texlive2017/texmf-dist/tex/latex/graphics/graphics.sty
Package: graphics 2017/04/14 v1.1b Standard LaTeX Graphics (DPC,SPQR)

(d:/InstalledSoftware/texlive2017/texmf-dist/tex/latex/graphics/trig.sty
Package: trig 2016/01/03 v1.10 sin cos tan (DPC)
)
(d:/InstalledSoftware/texlive2017/texmf-dist/tex/latex/graphics-cfg/graphics.cf
g
File: graphics.cfg 2016/06/04 v1.11 sample graphics configuration
)
Package graphics Info: Driver file: xetex.def on input line 99.

(d:/InstalledSoftware/texlive2017/texmf-dist/tex/latex/graphics-def/xetex.def
File: xetex.def 2016/07/11 v4.10 LaTeX color/graphics driver for XeTeX (L3/RRM/
JK)
))
\Gin@req@height=\dimen103
\Gin@req@width=\dimen104
) (d:/InstalledSoftware/texlive2017/texmf-dist/tex/latex/amsmath/amsmath.sty
Package: amsmath 2016/11/05 v2.16a AMS math features
\@mathmargin=\skip43

For additional information on amsmath, use the `?' option.
(d:/InstalledSoftware/texlive2017/texmf-dist/tex/latex/amsmath/amstext.sty
Package: amstext 2000/06/29 v2.01 AMS text

(d:/InstalledSoftware/texlive2017/texmf-dist/tex/latex/amsmath/amsgen.sty
File: amsgen.sty 1999/11/30 v2.0 generic functions
\@emptytoks=\toks15
\ex@=\dimen105
))
(d:/InstalledSoftware/texlive2017/texmf-dist/tex/latex/amsmath/amsbsy.sty
Package: amsbsy 1999/11/29 v1.2d Bold Symbols
\pmbraise@=\dimen106
)
(d:/InstalledSoftware/texlive2017/texmf-dist/tex/latex/amsmath/amsopn.sty
Package: amsopn 2016/03/08 v2.02 operator names
)
\inf@bad=\count87
LaTeX Info: Redefining \frac on input line 213.
\uproot@=\count88
\leftroot@=\count89
LaTeX Info: Redefining \overline on input line 375.
\classnum@=\count90
\DOTSCASE@=\count91
LaTeX Info: Redefining \ldots on input line 472.
LaTeX Info: Redefining \dots on input line 475.
LaTeX Info: Redefining \cdots on input line 596.
\Mathstrutbox@=\box26
\strutbox@=\box27
\big@size=\dimen107
LaTeX Font Info:    Redeclaring font encoding OML on input line 712.
LaTeX Font Info:    Redeclaring font encoding OMS on input line 713.
\macc@depth=\count92
\c@MaxMatrixCols=\count93
\dotsspace@=\muskip10
\c@parentequation=\count94
\dspbrk@lvl=\count95
\tag@help=\toks16
\row@=\count96
\column@=\count97
\maxfields@=\count98
\andhelp@=\toks17
\eqnshift@=\dimen108
\alignsep@=\dimen109
\tagshift@=\dimen110
\tagwidth@=\dimen111
\totwidth@=\dimen112
\lineht@=\dimen113
\@envbody=\toks18
\multlinegap=\skip44
\multlinetaggap=\skip45
\mathdisplay@stack=\toks19
LaTeX Info: Redefining \[ on input line 2817.
LaTeX Info: Redefining \] on input line 2818.
)
(d:/InstalledSoftware/texlive2017/texmf-dist/tex/latex/float/float.sty
Package: float 2001/11/08 v1.3d Float enhancements (AL)
\c@float@type=\count99
\float@exts=\toks20
\float@box=\box28
\@float@everytoks=\toks21
\@floatcapt=\box29
)
(d:/InstalledSoftware/texlive2017/texmf-dist/tex/latex/geometry/geometry.sty
Package: geometry 2010/09/12 v5.6 Page Geometry

(d:/InstalledSoftware/texlive2017/texmf-dist/tex/generic/oberdiek/ifpdf.sty
Package: ifpdf 2017/03/15 v3.2 Provides the ifpdf switch
)
(d:/InstalledSoftware/texlive2017/texmf-dist/tex/generic/oberdiek/ifvtex.sty
Package: ifvtex 2016/05/16 v1.6 Detect VTeX and its facilities (HO)
Package ifvtex Info: VTeX not detected.
)
(d:/InstalledSoftware/texlive2017/texmf-dist/tex/generic/ifxetex/ifxetex.sty
Package: ifxetex 2010/09/12 v0.6 Provides ifxetex conditional
)
\Gm@cnth=\count100
\Gm@cntv=\count101
\c@Gm@tempcnt=\count102
\Gm@bindingoffset=\dimen114
\Gm@wd@mp=\dimen115
\Gm@odd@mp=\dimen116
\Gm@even@mp=\dimen117
\Gm@layoutwidth=\dimen118
\Gm@layoutheight=\dimen119
\Gm@layouthoffset=\dimen120
\Gm@layoutvoffset=\dimen121
\Gm@dimlist=\toks22
)
(d:/InstalledSoftware/texlive2017/texmf-dist/tex/latex/listings/listings.sty
\lst@mode=\count103
\lst@gtempboxa=\box30
\lst@token=\toks23
\lst@length=\count104
\lst@currlwidth=\dimen122
\lst@column=\count105
\lst@pos=\count106
\lst@lostspace=\dimen123
\lst@width=\dimen124
\lst@newlines=\count107
\lst@lineno=\count108
\lst@maxwidth=\dimen125

(d:/InstalledSoftware/texlive2017/texmf-dist/tex/latex/listings/lstmisc.sty
File: lstmisc.sty 2015/06/04 1.6 (Carsten Heinz)
\c@lstnumber=\count109
\lst@skipnumbers=\count110
\lst@framebox=\box31
)
(d:/InstalledSoftware/texlive2017/texmf-dist/tex/latex/listings/listings.cfg
File: listings.cfg 2015/06/04 1.6 listings configuration
))
Package: listings 2015/06/04 1.6 (Carsten Heinz)

(d:/InstalledSoftware/texlive2017/texmf-dist/tex/latex/tools/multicol.sty
Package: multicol 2017/04/11 v1.8q multicolumn formatting (FMi)
\c@tracingmulticols=\count111
\mult@box=\box32
\multicol@leftmargin=\dimen126
\c@unbalance=\count112
\c@collectmore=\count113
\doublecol@number=\count114
\multicoltolerance=\count115
\multicolpretolerance=\count116
\full@width=\dimen127
\page@free=\dimen128
\premulticols=\dimen129
\postmulticols=\dimen130
\multicolsep=\skip46
\multicolbaselineskip=\skip47
\partial@page=\box33
\last@line=\box34
\maxbalancingoverflow=\dimen131
\mult@rightbox=\box35
\mult@grightbox=\box36
\mult@gfirstbox=\box37
\mult@firstbox=\box38
\@tempa=\box39
\@tempa=\box40
\@tempa=\box41
\@tempa=\box42
\@tempa=\box43
\@tempa=\box44
\@tempa=\box45
\@tempa=\box46
\@tempa=\box47
\@tempa=\box48
\@tempa=\box49
\@tempa=\box50
\@tempa=\box51
\@tempa=\box52
\@tempa=\box53
\@tempa=\box54
\@tempa=\box55
\c@columnbadness=\count117
\c@finalcolumnbadness=\count118
\last@try=\dimen132
\multicolovershoot=\dimen133
\multicolundershoot=\dimen134
\mult@nat@firstbox=\box56
\colbreak@box=\box57
\mc@col@check@num=\count119
)
(d:/InstalledSoftware/texlive2017/texmf-dist/tex/latex/caption/caption.sty
Package: caption 2016/02/21 v3.3-144 Customizing captions (AR)

(d:/InstalledSoftware/texlive2017/texmf-dist/tex/latex/caption/caption3.sty
Package: caption3 2016/05/22 v1.7-166 caption3 kernel (AR)
Package caption3 Info: TeX engine: e-TeX on input line 67.
\captionmargin=\dimen135
\captionmargin@=\dimen136
\captionwidth=\dimen137
\caption@tempdima=\dimen138
\caption@indent=\dimen139
\caption@parindent=\dimen140
\caption@hangindent=\dimen141
)
\c@ContinuedFloat=\count120
Package caption Info: float package is loaded.
Package caption Info: listings package is loaded.
)
(d:/InstalledSoftware/texlive2017/texmf-dist/tex/latex/enumitem/enumitem.sty
Package: enumitem 2011/09/28 v3.5.2 Customized lists
\labelindent=\skip48
\enit@outerparindent=\dimen142
\enit@toks=\toks24
\enit@inbox=\box58
\enitdp@description=\count121
)
(d:/InstalledSoftware/texlive2017/texmf-dist/tex/latex/circuitikz/circuitikz.st
y
Package: circuitikz 2017/05/01{} The CircuiTikz circuit drawing package version
 0.8.2

(d:/InstalledSoftware/texlive2017/texmf-dist/tex/latex/pgf/frontendlayer/tikz.s
ty
(d:/InstalledSoftware/texlive2017/texmf-dist/tex/latex/pgf/basiclayer/pgf.sty
(d:/InstalledSoftware/texlive2017/texmf-dist/tex/latex/pgf/utilities/pgfrcs.sty

(d:/InstalledSoftware/texlive2017/texmf-dist/tex/generic/pgf/utilities/pgfutil-
common.tex
\pgfutil@everybye=\toks25
\pgfutil@tempdima=\dimen143
\pgfutil@tempdimb=\dimen144

(d:/InstalledSoftware/texlive2017/texmf-dist/tex/generic/pgf/utilities/pgfutil-
common-lists.tex))
(d:/InstalledSoftware/texlive2017/texmf-dist/tex/generic/pgf/utilities/pgfutil-
latex.def
\pgfutil@abb=\box59

(d:/InstalledSoftware/texlive2017/texmf-dist/tex/latex/ms/everyshi.sty
Package: everyshi 2001/05/15 v3.00 EveryShipout Package (MS)
))
(d:/InstalledSoftware/texlive2017/texmf-dist/tex/generic/pgf/utilities/pgfrcs.c
ode.tex
Package: pgfrcs 2015/08/07 v3.0.1a (rcs-revision 1.31)
))
Package: pgf 2015/08/07 v3.0.1a (rcs-revision 1.15)

(d:/InstalledSoftware/texlive2017/texmf-dist/tex/latex/pgf/basiclayer/pgfcore.s
ty
(d:/InstalledSoftware/texlive2017/texmf-dist/tex/latex/pgf/systemlayer/pgfsys.s
ty
(d:/InstalledSoftware/texlive2017/texmf-dist/tex/generic/pgf/systemlayer/pgfsys
.code.tex
Package: pgfsys 2014/07/09 v3.0.1a (rcs-revision 1.48)

(d:/InstalledSoftware/texlive2017/texmf-dist/tex/generic/pgf/utilities/pgfkeys.
code.tex
\pgfkeys@pathtoks=\toks26
\pgfkeys@temptoks=\toks27

(d:/InstalledSoftware/texlive2017/texmf-dist/tex/generic/pgf/utilities/pgfkeysf
iltered.code.tex
\pgfkeys@tmptoks=\toks28
))
\pgf@x=\dimen145
\pgf@y=\dimen146
\pgf@xa=\dimen147
\pgf@ya=\dimen148
\pgf@xb=\dimen149
\pgf@yb=\dimen150
\pgf@xc=\dimen151
\pgf@yc=\dimen152
\w@pgf@writea=\write3
\r@pgf@reada=\read1
\c@pgf@counta=\count122
\c@pgf@countb=\count123
\c@pgf@countc=\count124
\c@pgf@countd=\count125
\t@pgf@toka=\toks29
\t@pgf@tokb=\toks30
\t@pgf@tokc=\toks31

(d:/InstalledSoftware/texlive2017/texmf-dist/tex/generic/pgf/systemlayer/pgf.cf
g
File: pgf.cfg 2008/05/14  (rcs-revision 1.7)
)
Driver file for pgf: pgfsys-xetex.def

(d:/InstalledSoftware/texlive2017/texmf-dist/tex/generic/pgf/systemlayer/pgfsys
-xetex.def
File: pgfsys-xetex.def 2014/07/09  (rcs-revision 1.11)

(d:/InstalledSoftware/texlive2017/texmf-dist/tex/generic/pgf/systemlayer/pgfsys
-dvipdfmx.def
File: pgfsys-dvipdfmx.def 2014/07/09  (rcs-revision 1.14)

(d:/InstalledSoftware/texlive2017/texmf-dist/tex/generic/pgf/systemlayer/pgfsys
-common-pdf.def
File: pgfsys-common-pdf.def 2013/10/10  (rcs-revision 1.13)
)
\pgfsys@objnum=\count126
)))
(d:/InstalledSoftware/texlive2017/texmf-dist/tex/generic/pgf/systemlayer/pgfsys
softpath.code.tex
File: pgfsyssoftpath.code.tex 2013/09/09  (rcs-revision 1.9)
\pgfsyssoftpath@smallbuffer@items=\count127
\pgfsyssoftpath@bigbuffer@items=\count128
)
(d:/InstalledSoftware/texlive2017/texmf-dist/tex/generic/pgf/systemlayer/pgfsys
protocol.code.tex
File: pgfsysprotocol.code.tex 2006/10/16  (rcs-revision 1.4)
))
(d:/InstalledSoftware/texlive2017/texmf-dist/tex/latex/xcolor/xcolor.sty
Package: xcolor 2016/05/11 v2.12 LaTeX color extensions (UK)

(d:/InstalledSoftware/texlive2017/texmf-dist/tex/latex/graphics-cfg/color.cfg
File: color.cfg 2016/01/02 v1.6 sample color configuration
)
Package xcolor Info: Driver file: xetex.def on input line 225.
Package xcolor Info: Model `cmy' substituted by `cmy0' on input line 1348.
Package xcolor Info: Model `RGB' extended on input line 1364.
Package xcolor Info: Model `HTML' substituted by `rgb' on input line 1366.
Package xcolor Info: Model `Hsb' substituted by `hsb' on input line 1367.
Package xcolor Info: Model `tHsb' substituted by `hsb' on input line 1368.
Package xcolor Info: Model `HSB' substituted by `hsb' on input line 1369.
Package xcolor Info: Model `Gray' substituted by `gray' on input line 1370.
Package xcolor Info: Model `wave' substituted by `hsb' on input line 1371.
)
(d:/InstalledSoftware/texlive2017/texmf-dist/tex/generic/pgf/basiclayer/pgfcore
.code.tex
Package: pgfcore 2010/04/11 v3.0.1a (rcs-revision 1.7)

(d:/InstalledSoftware/texlive2017/texmf-dist/tex/generic/pgf/math/pgfmath.code.
tex
(d:/InstalledSoftware/texlive2017/texmf-dist/tex/generic/pgf/math/pgfmathcalc.c
ode.tex
(d:/InstalledSoftware/texlive2017/texmf-dist/tex/generic/pgf/math/pgfmathutil.c
ode.tex)
(d:/InstalledSoftware/texlive2017/texmf-dist/tex/generic/pgf/math/pgfmathparser
.code.tex
\pgfmath@dimen=\dimen153
\pgfmath@count=\count129
\pgfmath@box=\box60
\pgfmath@toks=\toks32
\pgfmath@stack@operand=\toks33
\pgfmath@stack@operation=\toks34
)
(d:/InstalledSoftware/texlive2017/texmf-dist/tex/generic/pgf/math/pgfmathfuncti
ons.code.tex
(d:/InstalledSoftware/texlive2017/texmf-dist/tex/generic/pgf/math/pgfmathfuncti
ons.basic.code.tex)
(d:/InstalledSoftware/texlive2017/texmf-dist/tex/generic/pgf/math/pgfmathfuncti
ons.trigonometric.code.tex)
(d:/InstalledSoftware/texlive2017/texmf-dist/tex/generic/pgf/math/pgfmathfuncti
ons.random.code.tex)
(d:/InstalledSoftware/texlive2017/texmf-dist/tex/generic/pgf/math/pgfmathfuncti
ons.comparison.code.tex)
(d:/InstalledSoftware/texlive2017/texmf-dist/tex/generic/pgf/math/pgfmathfuncti
ons.base.code.tex)
(d:/InstalledSoftware/texlive2017/texmf-dist/tex/generic/pgf/math/pgfmathfuncti
ons.round.code.tex)
(d:/InstalledSoftware/texlive2017/texmf-dist/tex/generic/pgf/math/pgfmathfuncti
ons.misc.code.tex)
(d:/InstalledSoftware/texlive2017/texmf-dist/tex/generic/pgf/math/pgfmathfuncti
ons.integerarithmetics.code.tex)))
(d:/InstalledSoftware/texlive2017/texmf-dist/tex/generic/pgf/math/pgfmathfloat.
code.tex
\c@pgfmathroundto@lastzeros=\count130
))
(d:/InstalledSoftware/texlive2017/texmf-dist/tex/generic/pgf/basiclayer/pgfcore
points.code.tex
File: pgfcorepoints.code.tex 2013/10/07  (rcs-revision 1.27)
\pgf@picminx=\dimen154
\pgf@picmaxx=\dimen155
\pgf@picminy=\dimen156
\pgf@picmaxy=\dimen157
\pgf@pathminx=\dimen158
\pgf@pathmaxx=\dimen159
\pgf@pathminy=\dimen160
\pgf@pathmaxy=\dimen161
\pgf@xx=\dimen162
\pgf@xy=\dimen163
\pgf@yx=\dimen164
\pgf@yy=\dimen165
\pgf@zx=\dimen166
\pgf@zy=\dimen167
)
(d:/InstalledSoftware/texlive2017/texmf-dist/tex/generic/pgf/basiclayer/pgfcore
pathconstruct.code.tex
File: pgfcorepathconstruct.code.tex 2013/10/07  (rcs-revision 1.29)
\pgf@path@lastx=\dimen168
\pgf@path@lasty=\dimen169
)
(d:/InstalledSoftware/texlive2017/texmf-dist/tex/generic/pgf/basiclayer/pgfcore
pathusage.code.tex
File: pgfcorepathusage.code.tex 2014/11/02  (rcs-revision 1.24)
\pgf@shorten@end@additional=\dimen170
\pgf@shorten@start@additional=\dimen171
)
(d:/InstalledSoftware/texlive2017/texmf-dist/tex/generic/pgf/basiclayer/pgfcore
scopes.code.tex
File: pgfcorescopes.code.tex 2015/05/08  (rcs-revision 1.46)
\pgfpic=\box61
\pgf@hbox=\box62
\pgf@layerbox@main=\box63
\pgf@picture@serial@count=\count131
)
(d:/InstalledSoftware/texlive2017/texmf-dist/tex/generic/pgf/basiclayer/pgfcore
graphicstate.code.tex
File: pgfcoregraphicstate.code.tex 2014/11/02  (rcs-revision 1.12)
\pgflinewidth=\dimen172
)
(d:/InstalledSoftware/texlive2017/texmf-dist/tex/generic/pgf/basiclayer/pgfcore
transformations.code.tex
File: pgfcoretransformations.code.tex 2015/08/07  (rcs-revision 1.20)
\pgf@pt@x=\dimen173
\pgf@pt@y=\dimen174
\pgf@pt@temp=\dimen175
)
(d:/InstalledSoftware/texlive2017/texmf-dist/tex/generic/pgf/basiclayer/pgfcore
quick.code.tex
File: pgfcorequick.code.tex 2008/10/09  (rcs-revision 1.3)
)
(d:/InstalledSoftware/texlive2017/texmf-dist/tex/generic/pgf/basiclayer/pgfcore
objects.code.tex
File: pgfcoreobjects.code.tex 2006/10/11  (rcs-revision 1.2)
)
(d:/InstalledSoftware/texlive2017/texmf-dist/tex/generic/pgf/basiclayer/pgfcore
pathprocessing.code.tex
File: pgfcorepathprocessing.code.tex 2013/09/09  (rcs-revision 1.9)
)
(d:/InstalledSoftware/texlive2017/texmf-dist/tex/generic/pgf/basiclayer/pgfcore
arrows.code.tex
File: pgfcorearrows.code.tex 2015/05/14  (rcs-revision 1.43)
\pgfarrowsep=\dimen176
)
(d:/InstalledSoftware/texlive2017/texmf-dist/tex/generic/pgf/basiclayer/pgfcore
shade.code.tex
File: pgfcoreshade.code.tex 2013/07/15  (rcs-revision 1.15)
\pgf@max=\dimen177
\pgf@sys@shading@range@num=\count132
)
(d:/InstalledSoftware/texlive2017/texmf-dist/tex/generic/pgf/basiclayer/pgfcore
image.code.tex
File: pgfcoreimage.code.tex 2013/07/15  (rcs-revision 1.18)

(d:/InstalledSoftware/texlive2017/texmf-dist/tex/generic/pgf/basiclayer/pgfcore
external.code.tex
File: pgfcoreexternal.code.tex 2014/07/09  (rcs-revision 1.21)
\pgfexternal@startupbox=\box64
))
(d:/InstalledSoftware/texlive2017/texmf-dist/tex/generic/pgf/basiclayer/pgfcore
layers.code.tex
File: pgfcorelayers.code.tex 2013/07/18  (rcs-revision 1.7)
)
(d:/InstalledSoftware/texlive2017/texmf-dist/tex/generic/pgf/basiclayer/pgfcore
transparency.code.tex
File: pgfcoretransparency.code.tex 2013/09/30  (rcs-revision 1.5)
)
(d:/InstalledSoftware/texlive2017/texmf-dist/tex/generic/pgf/basiclayer/pgfcore
patterns.code.tex
File: pgfcorepatterns.code.tex 2013/11/07  (rcs-revision 1.5)
)))
(d:/InstalledSoftware/texlive2017/texmf-dist/tex/generic/pgf/modules/pgfmodules
hapes.code.tex
File: pgfmoduleshapes.code.tex 2014/03/21  (rcs-revision 1.35)
\pgfnodeparttextbox=\box65
)
(d:/InstalledSoftware/texlive2017/texmf-dist/tex/generic/pgf/modules/pgfmodulep
lot.code.tex
File: pgfmoduleplot.code.tex 2015/08/03  (rcs-revision 1.13)
)
(d:/InstalledSoftware/texlive2017/texmf-dist/tex/latex/pgf/compatibility/pgfcom
p-version-0-65.sty
Package: pgfcomp-version-0-65 2007/07/03 v3.0.1a (rcs-revision 1.7)
\pgf@nodesepstart=\dimen178
\pgf@nodesepend=\dimen179
)
(d:/InstalledSoftware/texlive2017/texmf-dist/tex/latex/pgf/compatibility/pgfcom
p-version-1-18.sty
Package: pgfcomp-version-1-18 2007/07/23 v3.0.1a (rcs-revision 1.1)
))
(d:/InstalledSoftware/texlive2017/texmf-dist/tex/latex/pgf/utilities/pgffor.sty

(d:/InstalledSoftware/texlive2017/texmf-dist/tex/latex/pgf/utilities/pgfkeys.st
y
(d:/InstalledSoftware/texlive2017/texmf-dist/tex/generic/pgf/utilities/pgfkeys.
code.tex))
(d:/InstalledSoftware/texlive2017/texmf-dist/tex/latex/pgf/math/pgfmath.sty
(d:/InstalledSoftware/texlive2017/texmf-dist/tex/generic/pgf/math/pgfmath.code.
tex))
(d:/InstalledSoftware/texlive2017/texmf-dist/tex/generic/pgf/utilities/pgffor.c
ode.tex
Package: pgffor 2013/12/13 v3.0.1a (rcs-revision 1.25)

(d:/InstalledSoftware/texlive2017/texmf-dist/tex/generic/pgf/math/pgfmath.code.
tex)
\pgffor@iter=\dimen180
\pgffor@skip=\dimen181
\pgffor@stack=\toks35
\pgffor@toks=\toks36
))
(d:/InstalledSoftware/texlive2017/texmf-dist/tex/generic/pgf/frontendlayer/tikz
/tikz.code.tex
Package: tikz 2015/08/07 v3.0.1a (rcs-revision 1.151)

(d:/InstalledSoftware/texlive2017/texmf-dist/tex/generic/pgf/libraries/pgflibra
ryplothandlers.code.tex
File: pgflibraryplothandlers.code.tex 2013/08/31 v3.0.1a (rcs-revision 1.20)
\pgf@plot@mark@count=\count133
\pgfplotmarksize=\dimen182
)
\tikz@lastx=\dimen183
\tikz@lasty=\dimen184
\tikz@lastxsaved=\dimen185
\tikz@lastysaved=\dimen186
\tikzleveldistance=\dimen187
\tikzsiblingdistance=\dimen188
\tikz@figbox=\box66
\tikz@figbox@bg=\box67
\tikz@tempbox=\box68
\tikz@tempbox@bg=\box69
\tikztreelevel=\count134
\tikznumberofchildren=\count135
\tikznumberofcurrentchild=\count136
\tikz@fig@count=\count137

(d:/InstalledSoftware/texlive2017/texmf-dist/tex/generic/pgf/modules/pgfmodulem
atrix.code.tex
File: pgfmodulematrix.code.tex 2013/09/17  (rcs-revision 1.8)
\pgfmatrixcurrentrow=\count138
\pgfmatrixcurrentcolumn=\count139
\pgf@matrix@numberofcolumns=\count140
)
\tikz@expandcount=\count141

(d:/InstalledSoftware/texlive2017/texmf-dist/tex/generic/pgf/frontendlayer/tikz
/libraries/tikzlibrarytopaths.code.tex
File: tikzlibrarytopaths.code.tex 2008/06/17 v3.0.1a (rcs-revision 1.2)
)))
(d:/InstalledSoftware/texlive2017/texmf-dist/tex/generic/pgf/frontendlayer/tikz
/libraries/tikzlibrarycalc.code.tex
File: tikzlibrarycalc.code.tex 2013/07/15 v3.0.1a (rcs-revision 1.9)
)
(d:/InstalledSoftware/texlive2017/texmf-dist/tex/generic/pgf/libraries/pgflibra
ryarrows.code.tex
File: pgflibraryarrows.code.tex 2013/09/23 v3.0.1a (rcs-revision 1.16)
\arrowsize=\dimen189
)
(d:/InstalledSoftware/texlive2017/texmf-dist/tex/generic/circuitikz/pgfcirc.def
ines.tex
\pgf@circ@res@up=\dimen190
\pgf@circ@res@down=\dimen191
\pgf@circ@res@zero=\dimen192
\pgf@circ@res@left=\dimen193
\pgf@circ@res@right=\dimen194
\pgf@circ@res@other=\dimen195
\pgf@circ@res@step=\dimen196
\pgf@circ@res@temp=\dimen197
\pgfstartlinewidth=\dimen198
\pgf@circ@Rlen=\dimen199
)
(d:/InstalledSoftware/texlive2017/texmf-dist/tex/generic/circuitikz/pgfcircutil
s.tex)
(d:/InstalledSoftware/texlive2017/texmf-dist/tex/generic/circuitikz/pgfcircshap
es.tex)
(d:/InstalledSoftware/texlive2017/texmf-dist/tex/generic/circuitikz/pgfcircmono
poles.tex)
(d:/InstalledSoftware/texlive2017/texmf-dist/tex/generic/circuitikz/pgfcircbipo
les.tex)
(d:/InstalledSoftware/texlive2017/texmf-dist/tex/generic/circuitikz/pgfcirctrip
oles.tex)
(d:/InstalledSoftware/texlive2017/texmf-dist/tex/generic/circuitikz/pgfcircquad
poles.tex)
(d:/InstalledSoftware/texlive2017/texmf-dist/tex/generic/circuitikz/pgfcirclabe
l.tex)
(d:/InstalledSoftware/texlive2017/texmf-dist/tex/generic/circuitikz/pgfcircvolt
age.tex)
(d:/InstalledSoftware/texlive2017/texmf-dist/tex/generic/circuitikz/pgfcirccurr
ent.tex)
(d:/InstalledSoftware/texlive2017/texmf-dist/tex/generic/circuitikz/pgfcircpath
.tex)
(d:/InstalledSoftware/texlive2017/texmf-dist/tex/generic/xstring/xstring.sty
(d:/InstalledSoftware/texlive2017/texmf-dist/tex/generic/xstring/xstring.tex
\@xs@message=\write4
\integerpart=\count142
\decimalpart=\count143
)
Package: xstring 2013/10/13  v1.7c  String manipulations (C Tellechea)
)
(d:/InstalledSoftware/texlive2017/texmf-dist/tex/latex/siunitx/siunitx.sty
(d:/InstalledSoftware/texlive2017/texmf-dist/tex/latex/l3kernel/expl3.sty
Package: expl3 2017/05/13 L3 programming layer (loader) 

(d:/InstalledSoftware/texlive2017/texmf-dist/tex/latex/l3kernel/expl3-code.tex
Package: expl3 2017/05/13 L3 programming layer (code)
\c_max_int=\count144
\l_tmpa_int=\count145
\l_tmpb_int=\count146
\g_tmpa_int=\count147
\g_tmpb_int=\count148
\g__prg_map_int=\count149
\c_log_iow=\count150
\l_iow_line_count_int=\count151
\l__iow_line_target_int=\count152
\l__iow_one_indent_int=\count153
\l__iow_indent_int=\count154
\c_zero_dim=\dimen256
\c_max_dim=\dimen257
\l_tmpa_dim=\dimen258
\l_tmpb_dim=\dimen259
\g_tmpa_dim=\dimen260
\g_tmpb_dim=\dimen261
\c_zero_skip=\skip49
\c_max_skip=\skip50
\l_tmpa_skip=\skip51
\l_tmpb_skip=\skip52
\g_tmpa_skip=\skip53
\g_tmpb_skip=\skip54
\c_zero_muskip=\muskip11
\c_max_muskip=\muskip12
\l_tmpa_muskip=\muskip13
\l_tmpb_muskip=\muskip14
\g_tmpa_muskip=\muskip15
\g_tmpb_muskip=\muskip16
\l_keys_choice_int=\count155
\c__fp_leading_shift_int=\count156
\c__fp_middle_shift_int=\count157
\c__fp_trailing_shift_int=\count158
\c__fp_big_leading_shift_int=\count159
\c__fp_big_middle_shift_int=\count160
\c__fp_big_trailing_shift_int=\count161
\c__fp_Bigg_leading_shift_int=\count162
\c__fp_Bigg_middle_shift_int=\count163
\c__fp_Bigg_trailing_shift_int=\count164
\l__sort_length_int=\count165
\l__sort_min_int=\count166
\l__sort_top_int=\count167
\l__sort_max_int=\count168
\l__sort_true_max_int=\count169
\l__sort_block_int=\count170
\l__sort_begin_int=\count171
\l__sort_end_int=\count172
\l__sort_A_int=\count173
\l__sort_B_int=\count174
\l__sort_C_int=\count175
\c_empty_box=\box70
\l_tmpa_box=\box71
\l_tmpb_box=\box72
\g_tmpa_box=\box73
\g_tmpb_box=\box74
\l__box_top_dim=\dimen262
\l__box_bottom_dim=\dimen263
\l__box_left_dim=\dimen264
\l__box_right_dim=\dimen265
\l__box_top_new_dim=\dimen266
\l__box_bottom_new_dim=\dimen267
\l__box_left_new_dim=\dimen268
\l__box_right_new_dim=\dimen269
\l__box_internal_box=\box75
\l__coffin_internal_box=\box76
\l__coffin_internal_dim=\dimen270
\l__coffin_offset_x_dim=\dimen271
\l__coffin_offset_y_dim=\dimen272
\l__coffin_x_dim=\dimen273
\l__coffin_y_dim=\dimen274
\l__coffin_x_prime_dim=\dimen275
\l__coffin_y_prime_dim=\dimen276
\c_empty_coffin=\box77
\l__coffin_aligned_coffin=\box78
\l__coffin_aligned_internal_coffin=\box79
\l_tmpa_coffin=\box80
\l_tmpb_coffin=\box81
\l__coffin_display_coffin=\box82
\l__coffin_display_coord_coffin=\box83
\l__coffin_display_pole_coffin=\box84
\l__coffin_display_offset_dim=\dimen277
\l__coffin_display_x_dim=\dimen278
\l__coffin_display_y_dim=\dimen279
\l__coffin_bounding_shift_dim=\dimen280
\l__coffin_left_corner_dim=\dimen281
\l__coffin_right_corner_dim=\dimen282
\l__coffin_bottom_corner_dim=\dimen283
\l__coffin_top_corner_dim=\dimen284
\l__coffin_scaled_total_height_dim=\dimen285
\l__coffin_scaled_width_dim=\dimen286
)
(d:/InstalledSoftware/texlive2017/texmf-dist/tex/latex/l3kernel/l3xdvipdfmx.def
File: l3xdvidpfmx.def 2017/03/18 v L3 Experimental driver: xdvipdfmx
\l__driver_tmp_box=\box85
))
(d:/InstalledSoftware/texlive2017/texmf-dist/tex/latex/l3packages/xparse/xparse
.sty
Package: xparse 2017/05/13 L3 Experimental document command parser
\l__xparse_current_arg_int=\count176
\g__xparse_grabber_int=\count177
\l__xparse_m_args_int=\count178
\l__xparse_mandatory_args_int=\count179
\l__xparse_v_nesting_int=\count180
)
Package: siunitx 2017/05/19 v2.7g A comprehensive (SI) units package
 (d:/InstalledSoftware/texlive2017/texmf-dist/tex/latex/tools/array.sty
Package: array 2016/10/06 v2.4d Tabular extension package (FMi)
\col@sep=\dimen287
\extrarowheight=\dimen288
\NC@list=\toks37
\extratabsurround=\skip55
\backup@length=\skip56
)
(d:/InstalledSoftware/texlive2017/texmf-dist/tex/latex/l3packages/l3keys2e/l3ke
ys2e.sty
Package: l3keys2e 2017/05/13 LaTeX2e option processing using LaTeX3 keys
)
\l__siunitx_tmp_box=\box86
\l__siunitx_tmp_dim=\dimen289
\l__siunitx_tmp_int=\count181
\l__siunitx_number_mantissa_length_int=\count182
\l__siunitx_number_uncert_length_int=\count183
\l__siunitx_round_int=\count184
\l__siunitx_process_decimal_int=\count185
\l__siunitx_process_uncertainty_int=\count186
\l__siunitx_process_fixed_int=\count187
\l__siunitx_process_integer_min_int=\count188
\l__siunitx_process_precision_int=\count189
\l__siunitx_group_min_int=\count190
\l__siunitx_angle_marker_box=\box87
\l__siunitx_angle_unit_box=\box88
\l__siunitx_angle_marker_dim=\dimen290
\l__siunitx_angle_unit_dim=\dimen291
\l__siunitx_unit_int=\count191
\l__siunitx_unit_denominator_int=\count192
\l__siunitx_unit_numerator_int=\count193
\l__siunitx_unit_prefix_int=\count194
\l__siunitx_unit_prefix_base_int=\count195
\l__siunitx_unit_prefix_gram_int=\count196
\l__siunitx_number_product_int=\count197
\c__siunitx_one_fill_skip=\skip57
\l__siunitx_table_unit_align_skip=\skip58
\l__siunitx_table_exponent_dim=\dimen292
\l__siunitx_table_integer_dim=\dimen293
\l__siunitx_table_mantissa_dim=\dimen294
\l__siunitx_table_marker_dim=\dimen295
\l__siunitx_table_result_dim=\dimen296
\l__siunitx_table_uncert_dim=\dimen297
\l__siunitx_table_fill_pre_dim=\dimen298
\l__siunitx_table_fill_post_dim=\dimen299
\l__siunitx_table_fill_mid_dim=\dimen300
\l__siunitx_table_pre_box=\box89
\l__siunitx_table_post_box=\box90
\l__siunitx_table_mantissa_box=\box91
\l__siunitx_table_result_box=\box92
\l__siunitx_table_number_align_skip=\skip59
\l__siunitx_table_text_align_skip=\skip60
.................................................
. LaTeX info: "xparse/define-command"
. 
. Defining command \DeclareBinaryPrefix with sig. 'mmm' on line 7251.
.................................................
.................................................
. LaTeX info: "xparse/define-command"
. 
. Defining command \DeclareSIPostPower with sig. 'mm' on line 7254.
.................................................
.................................................
. LaTeX info: "xparse/define-command"
. 
. Defining command \DeclareSIPrefix with sig. 'mmm' on line 7257.
.................................................
.................................................
. LaTeX info: "xparse/define-command"
. 
. Defining command \DeclareSIPrePower with sig. 'mm' on line 7260.
.................................................
.................................................
. LaTeX info: "xparse/define-command"
. 
. Defining command \DeclareSIQualifier with sig. 'mm' on line 7263.
.................................................
.................................................
. LaTeX info: "xparse/define-command"
. 
. Defining command \DeclareSIUnit with sig. 'O{}mm' on line 7266.
.................................................
.................................................
. LaTeX info: "xparse/define-command"
. 
. Defining command \DeclareSIUnitWithOptions with sig. 'mmm' on line 7269.
.................................................
.................................................
. LaTeX info: "xparse/define-command"
. 
. Defining command \ang with sig. 'o>{\SplitArgument {2}{;}}m' on line 7284.
.................................................
.................................................
. LaTeX info: "xparse/define-command"
. 
. Defining command \num with sig. 'om' on line 7293.
.................................................
.................................................
. LaTeX info: "xparse/define-command"
. 
. Defining command \numlist with sig. 'o>{\SplitList {;}}m' on line 7302.
.................................................
.................................................
. LaTeX info: "xparse/define-command"
. 
. Defining command \numrange with sig. 'omm' on line 7311.
.................................................
.................................................
. LaTeX info: "xparse/define-command"
. 
. Defining command \SIlist with sig. 'o>{\SplitList {;}}mm' on line 7323.
.................................................
.................................................
. LaTeX info: "xparse/define-command"
. 
. Defining command \SIrange with sig. 'ommm' on line 7335.
.................................................
.................................................
. LaTeX info: "xparse/define-command"
. 
. Defining command \SI with sig. 'omom' on line 7347.
.................................................
.................................................
. LaTeX info: "xparse/define-command"
. 
. Defining command \sisetup with sig. 'm' on line 7350.
.................................................
.................................................
. LaTeX info: "xparse/define-command"
. 
. Defining command \tablenum with sig. 'om' on line 7365.
.................................................
.................................................
. LaTeX info: "xparse/define-command"
. 
. Defining command \si with sig. 'om' on line 7377.
.................................................
.................................................
. LaTeX info: "xparse/define-command"
. 
. Defining command \numInBookmark with sig. 'om' on line 7424.
.................................................
.................................................
. LaTeX info: "xparse/define-command"
. 
. Defining command \numrangeInBookmark with sig. 'omm' on line 7426.
.................................................
.................................................
. LaTeX info: "xparse/define-command"
. 
. Defining command \SIInBookmark with sig. 'omom' on line 7428.
.................................................
.................................................
. LaTeX info: "xparse/define-command"
. 
. Defining command \SIlistInBookmark with sig. 'omm' on line 7430.
.................................................
.................................................
. LaTeX info: "xparse/define-command"
. 
. Defining command \SIrangeInBookmark with sig. 'ommm' on line 7432.
.................................................
.................................................
. LaTeX info: "xparse/define-command"
. 
. Defining command \siInBookmark with sig. 'om' on line 7433.
.................................................
\g__file_internal_ior=\read2

(d:/InstalledSoftware/texlive2017/texmf-dist/tex/latex/beamer/translator/transl
ator.sty
Package: translator 2010/06/12 ver 1.10

(d:/InstalledSoftware/texlive2017/texmf-dist/tex/latex/beamer/translator/transl
ator-language-mappings.tex))))
(d:/InstalledSoftware/texlive2017/texmf-dist/tex/latex/wrapfig/wrapfig.sty
\wrapoverhang=\dimen301
\WF@size=\dimen302
\c@WF@wrappedlines=\count198
\WF@box=\box93
\WF@everypar=\toks38
Package: wrapfig 2003/01/31  v 3.6
)
(d:/InstalledSoftware/texlive2017/texmf-dist/tex/latex/jknapltx/mathrsfs.sty
Package: mathrsfs 1996/01/01 Math RSFS package v1.0 (jk)
\symrsfs=\mathgroup4
)
\c@MyCounter=\count199

(d:/InstalledSoftware/texlive2017/texmf-dist/tex/latex/pgfplots/pgfplots.sty
(d:/InstalledSoftware/texlive2017/texmf-dist/tex/generic/pgfplots/pgfplots.revi
sion.tex)
Package: pgfplots 2016/08/10 v1.14 Data Visualization (1.14)

(d:/InstalledSoftware/texlive2017/texmf-dist/tex/generic/pgfplots/pgfplots.code
.tex
(d:/InstalledSoftware/texlive2017/texmf-dist/tex/generic/pgfplots/pgfplotscore.
code.tex
\t@pgfplots@toka=\toks39
\t@pgfplots@tokb=\toks40
\t@pgfplots@tokc=\toks41
\pgfplots@tmpa=\dimen303
\c@pgfplots@coordindex=\count266
\c@pgfplots@scanlineindex=\count267

(d:/InstalledSoftware/texlive2017/texmf-dist/tex/generic/pgfplots/sys/pgfplotss
ysgeneric.code.tex))
(d:/InstalledSoftware/texlive2017/texmf-dist/tex/generic/pgfplots/libs/pgfplots
library.code.tex)
(d:/InstalledSoftware/texlive2017/texmf-dist/tex/generic/pgfplots/oldpgfcompati
b/pgfplotsoldpgfsupp_loader.code.tex
(d:/InstalledSoftware/texlive2017/texmf-dist/tex/generic/pgf/libraries/pgflibra
ryfpu.code.tex)
Package pgfplots: loading complementary arithmetics for your pgf version...

(d:/InstalledSoftware/texlive2017/texmf-dist/tex/generic/pgfplots/oldpgfcompati
b/pgfplotsoldpgfsupp_pgflibraryfpu.code.tex)
(d:/InstalledSoftware/texlive2017/texmf-dist/tex/generic/pgfplots/oldpgfcompati
b/pgfplotsoldpgfsupp_pgfmathfloat.code.tex
\c@pgfmathroundto@lastzeros=\count268
))
(d:/InstalledSoftware/texlive2017/texmf-dist/tex/generic/pgfplots/util/pgfplots
util.code.tex
(d:/InstalledSoftware/texlive2017/texmf-dist/tex/generic/pgfplots/liststructure
/pgfplotsliststructure.code.tex)
(d:/InstalledSoftware/texlive2017/texmf-dist/tex/generic/pgfplots/liststructure
/pgfplotsliststructureext.code.tex)
(d:/InstalledSoftware/texlive2017/texmf-dist/tex/generic/pgfplots/liststructure
/pgfplotsarray.code.tex
\c@pgfplotsarray@tmp=\count269
)
(d:/InstalledSoftware/texlive2017/texmf-dist/tex/generic/pgfplots/liststructure
/pgfplotsmatrix.code.tex)
(d:/InstalledSoftware/texlive2017/texmf-dist/tex/generic/pgfplots/numtable/pgfp
lotstableshared.code.tex
\c@pgfplotstable@counta=\count270
\t@pgfplotstable@a=\toks42
)
(d:/InstalledSoftware/texlive2017/texmf-dist/tex/generic/pgfplots/liststructure
/pgfplotsdeque.code.tex)
(d:/InstalledSoftware/texlive2017/texmf-dist/tex/generic/pgfplots/util/pgfplots
binary.code.tex
(d:/InstalledSoftware/texlive2017/texmf-dist/tex/generic/pgfplots/util/pgfplots
binary.data.code.tex))
(d:/InstalledSoftware/texlive2017/texmf-dist/tex/generic/pgfplots/util/pgfplots
util.verb.code.tex)
(d:/InstalledSoftware/texlive2017/texmf-dist/tex/generic/pgfplots/libs/pgflibra
rypgfplots.surfshading.code.tex
\c@pgfplotslibrarysurf@no=\count271

(d:/InstalledSoftware/texlive2017/texmf-dist/tex/generic/pgfplots/sys/pgflibrar
ypgfplots.surfshading.pgfsys-xetex.def
(d:/InstalledSoftware/texlive2017/texmf-dist/tex/generic/pgfplots/sys/pgflibrar
ypgfplots.surfshading.pgfsys-dvipdfmx.def
\c@pgfplotslibrarysurf@streamlen=\count272
))))
(d:/InstalledSoftware/texlive2017/texmf-dist/tex/generic/pgfplots/util/pgfplots
colormap.code.tex
(d:/InstalledSoftware/texlive2017/texmf-dist/tex/generic/pgfplots/util/pgfplots
color.code.tex))
(d:/InstalledSoftware/texlive2017/texmf-dist/tex/generic/pgfplots/pgfplotsstack
edplots.code.tex)
(d:/InstalledSoftware/texlive2017/texmf-dist/tex/generic/pgfplots/pgfplotsploth
andlers.code.tex
(d:/InstalledSoftware/texlive2017/texmf-dist/tex/generic/pgfplots/pgfplotsmeshp
lothandler.code.tex
(d:/InstalledSoftware/texlive2017/texmf-dist/tex/generic/pgfplots/pgfplotsmeshp
lotimage.code.tex)))
(d:/InstalledSoftware/texlive2017/texmf-dist/tex/generic/pgfplots/pgfplots.scal
ing.code.tex)
(d:/InstalledSoftware/texlive2017/texmf-dist/tex/generic/pgfplots/pgfplotscoord
processing.code.tex)
(d:/InstalledSoftware/texlive2017/texmf-dist/tex/generic/pgfplots/pgfplots.erro
rbars.code.tex)
(d:/InstalledSoftware/texlive2017/texmf-dist/tex/generic/pgfplots/pgfplots.mark
ers.code.tex)
(d:/InstalledSoftware/texlive2017/texmf-dist/tex/generic/pgfplots/pgfplotsticks
.code.tex)
(d:/InstalledSoftware/texlive2017/texmf-dist/tex/generic/pgfplots/pgfplots.path
s.code.tex)
(d:/InstalledSoftware/texlive2017/texmf-dist/tex/generic/pgf/frontendlayer/tikz
/libraries/tikzlibrarydecorations.code.tex
(d:/InstalledSoftware/texlive2017/texmf-dist/tex/generic/pgf/modules/pgfmoduled
ecorations.code.tex
\pgfdecoratedcompleteddistance=\dimen304
\pgfdecoratedremainingdistance=\dimen305
\pgfdecoratedinputsegmentcompleteddistance=\dimen306
\pgfdecoratedinputsegmentremainingdistance=\dimen307
\pgf@decorate@distancetomove=\dimen308
\pgf@decorate@repeatstate=\count273
\pgfdecorationsegmentamplitude=\dimen309
\pgfdecorationsegmentlength=\dimen310
)
\tikz@lib@dec@box=\box94
)
(d:/InstalledSoftware/texlive2017/texmf-dist/tex/generic/pgf/frontendlayer/tikz
/libraries/tikzlibrarydecorations.pathmorphing.code.tex
(d:/InstalledSoftware/texlive2017/texmf-dist/tex/generic/pgf/libraries/decorati
ons/pgflibrarydecorations.pathmorphing.code.tex))
(d:/InstalledSoftware/texlive2017/texmf-dist/tex/generic/pgf/frontendlayer/tikz
/libraries/tikzlibrarydecorations.pathreplacing.code.tex
(d:/InstalledSoftware/texlive2017/texmf-dist/tex/generic/pgf/libraries/decorati
ons/pgflibrarydecorations.pathreplacing.code.tex))
\pgfplots@numplots=\count274
\pgfplots@xmin@reg=\dimen311
\pgfplots@xmax@reg=\dimen312
\pgfplots@ymin@reg=\dimen313
\pgfplots@ymax@reg=\dimen314
\pgfplots@zmin@reg=\dimen315
\pgfplots@zmax@reg=\dimen316
)
(d:/InstalledSoftware/texlive2017/texmf-dist/tex/generic/pgf/frontendlayer/tikz
/libraries/tikzlibraryplotmarks.code.tex
File: tikzlibraryplotmarks.code.tex 2008/01/09 v3.0.1a (rcs-revision 1.1)

(d:/InstalledSoftware/texlive2017/texmf-dist/tex/generic/pgf/libraries/pgflibra
ryplotmarks.code.tex
File: pgflibraryplotmarks.code.tex 2015/08/03 v3.0.1a (rcs-revision 1.14)
)))
(d:/InstalledSoftware/texlive2017/texmf-dist/tex/latex/subfig/subfig.sty
Package: subfig 2005/06/28 ver: 1.3 subfig package
\c@KVtest=\count275
\sf@farskip=\skip61
\sf@captopadj=\dimen317
\sf@capskip=\skip62
\sf@nearskip=\skip63
\c@subfigure=\count276
\c@subfigure@save=\count277
\c@lofdepth=\count278
\c@subtable=\count279
\c@subtable@save=\count280
\c@lotdepth=\count281
\sf@top=\skip64
\sf@bottom=\skip65
)
(d:/InstalledSoftware/texlive2017/texmf-dist/tex/latex/fancyhdr/fancyhdr.sty
Package: fancyhdr 2016/09/06 3.8 Extensive control of page headers and footers
\fancy@headwidth=\skip66
\f@ncyO@elh=\skip67
\f@ncyO@erh=\skip68
\f@ncyO@olh=\skip69
\f@ncyO@orh=\skip70
\f@ncyO@elf=\skip71
\f@ncyO@erf=\skip72
\f@ncyO@olf=\skip73
\f@ncyO@orf=\skip74
)
(./HW3_95101117.aux)
\openout1 = `HW3_95101117.aux'.

LaTeX Font Info:    Checking defaults for OML/cmm/m/it on input line 37.
LaTeX Font Info:    ... okay on input line 37.
LaTeX Font Info:    Checking defaults for T1/cmr/m/n on input line 37.
LaTeX Font Info:    ... okay on input line 37.
LaTeX Font Info:    Checking defaults for OT1/cmr/m/n on input line 37.
LaTeX Font Info:    ... okay on input line 37.
LaTeX Font Info:    Checking defaults for OMS/cmsy/m/n on input line 37.
LaTeX Font Info:    ... okay on input line 37.
LaTeX Font Info:    Checking defaults for TU/lmr/m/n on input line 37.
LaTeX Font Info:    ... okay on input line 37.
LaTeX Font Info:    Checking defaults for OMX/cmex/m/n on input line 37.
LaTeX Font Info:    ... okay on input line 37.
LaTeX Font Info:    Checking defaults for U/cmr/m/n on input line 37.
LaTeX Font Info:    ... okay on input line 37.

*geometry* driver: auto-detecting
*geometry* detected driver: xetex
*geometry* verbose mode - [ preamble ] result:
* driver: xetex
* paper: a4paper
* layout: <same size as paper>
* layoutoffset:(h,v)=(0.0pt,0.0pt)
* modes: 
* h-part:(L,W,R)=(56.9055pt, 483.69684pt, 56.90553pt)
* v-part:(T,H,B)=(56.9055pt, 731.23582pt, 56.90552pt)
* \paperwidth=597.50787pt
* \paperheight=845.04684pt
* \textwidth=483.69684pt
* \textheight=731.23582pt
* \oddsidemargin=-15.36449pt
* \evensidemargin=-15.36449pt
* \topmargin=-52.36449pt
* \headheight=12.0pt
* \headsep=25.0pt
* \topskip=10.0pt
* \footskip=30.0pt
* \marginparwidth=57.0pt
* \marginparsep=11.0pt
* \columnsep=10.0pt
* \skip\footins=9.0pt plus 4.0pt minus 2.0pt
* \hoffset=0.0pt
* \voffset=0.0pt
* \mag=1000
* \@twocolumnfalse
* \@twosidefalse
* \@mparswitchfalse
* \@reversemarginfalse
* (1in=72.27pt=25.4mm, 1cm=28.453pt)

\c@lstlisting=\count282
Package caption Info: Begin \AtBeginDocument code.
Package caption Info: subfig package v1.3 is loaded.
Package caption Info: wrapfig package is loaded.
Package caption Info: End \AtBeginDocument code.
ABD: EveryShipout initializing macros
(d:/InstalledSoftware/texlive2017/texmf-dist/tex/latex/beamer/translator/dicts/
translator-basic-dictionary/translator-basic-dictionary-English.dict
Dictionary: translator-basic-dictionary, Language: English 
)
(d:/InstalledSoftware/texlive2017/texmf-dist/tex/latex/siunitx/siunitx-abbrevia
tions.cfg
File: siunitx-abbreviations.cfg 2017/05/19 v2.7g siunitx: Abbreviated units
)
Package pgfplots notification 'compat/show suggested version=true': you might b
enefit from \pgfplotsset{compat=1.14} (current compat level: 1.12).

\c__siunitx_mathsf_int=\count283
LaTeX Font Info:    Try loading font information for U+rsfs on input line 37.
(d:/InstalledSoftware/texlive2017/texmf-dist/tex/latex/jknapltx/ursfs.fd
File: ursfs.fd 1998/03/24 rsfs font definition file (jk)
)
\c__siunitx_mathtt_int=\count284

(d:/InstalledSoftware/texlive2017/texmf-dist/tex/latex/listings/lstlang1.sty
File: lstlang1.sty 2015/06/04 1.6 listings language file
)
File: logo1.png Graphic file (type QTm)

<use  "logo1.png" >
Missing character: There is no ‍ in font [lmroman12-bold]:mapping=tex-text;!
 [1

] [2] (./HW3_95101117.aux) ) 
Here is how much of TeX's memory you used:
 40829 strings out of 493005
 1036010 string characters out of 6130816
 1288658 words of memory out of 5000000
 44311 multiletter control sequences out of 15000+600000
 7848 words of font info for 41 fonts, out of 8000000 for 9000
 1348 hyphenation exceptions out of 8191
 62i,11n,96p,10389b,479s stack positions out of 5000i,500n,10000p,200000b,80000s

Output written on HW3_95101117.pdf (2 pages).
